<?xml version="1.0" encoding="UTF-8"?>
<!-- Generated by org.testng.reporters.JUnitXMLReporter -->
<testsuite ignored="0" hostname="DhirajShukla" failures="1" tests="3" name="Functional" time="47.402" errors="0" timestamp="2024-07-11T20:08:08 IST">
  <testcase classname="com.systemplus.automationTest.HomePageTest" name="navigateToLearnMoreAndVerifyUrlContent" time="12.742"/>
  <testcase classname="com.systemplus.automationTest.HomePageTest" name="verifyNoOfCOmmentsAndDots" time="12.332">
    <failure type="java.lang.AssertionError" message="The following asserts failed:
	Comments and dots count didn&amp;apos;t matched did not expect to find [true] but found [false]">
      <![CDATA[java.lang.AssertionError: The following asserts failed:
Comments and dots count didn't matched did not expect to find [true] but found [false]
at com.systemplus.automationTest.HomePageTest.verifyNoOfCOmmentsAndDots(HomePageTest.java:47)
at java.base/java.util.ArrayList.forEach(ArrayList.java:1511)
... Removed 29 stack frames]]>
    </failure>
  </testcase> <!-- verifyNoOfCOmmentsAndDots -->
  <testcase classname="com.systemplus.automationTest.HomePageTest" name="verifySearchTextandIcon" time="17.102"/>
</testsuite> <!-- Functional -->
