<?xml version="1.0" encoding="UTF-8"?>
<testng-results ignored="0" total="3" passed="2" failed="1" skipped="0">
  <reporter-output>
  </reporter-output>
  <suite started-at="2024-07-11T20:07:21 IST" name="TestNG Suite" finished-at="2024-07-11T20:08:08 IST" duration-ms="47402">
    <groups>
    </groups>
    <test started-at="2024-07-11T20:07:21 IST" name="Functional" finished-at="2024-07-11T20:08:08 IST" duration-ms="47402">
      <class name="com.systemplus.automationTest.HomePageTest">
        <test-method is-config="true" signature="setUp()[pri:0, instance:com.systemplus.automationTest.HomePageTest@3d6f0054]" started-at="2024-07-11T20:07:21 IST" name="setUp" finished-at="2024-07-11T20:07:23 IST" duration-ms="1916" status="PASS">
          <reporter-output>
          </reporter-output>
        </test-method> <!-- setUp -->
        <test-method signature="navigateToLearnMoreAndVerifyUrlContent()[pri:1, instance:com.systemplus.automationTest.HomePageTest@3d6f0054]" started-at="2024-07-11T20:07:23 IST" name="navigateToLearnMoreAndVerifyUrlContent" finished-at="2024-07-11T20:07:36 IST" duration-ms="12742" status="PASS">
          <reporter-output>
          </reporter-output>
        </test-method> <!-- navigateToLearnMoreAndVerifyUrlContent -->
        <test-method is-config="true" signature="tearDown()[pri:0, instance:com.systemplus.automationTest.HomePageTest@3d6f0054]" started-at="2024-07-11T20:07:36 IST" name="tearDown" finished-at="2024-07-11T20:07:36 IST" duration-ms="270" status="PASS">
          <reporter-output>
          </reporter-output>
        </test-method> <!-- tearDown -->
        <test-method is-config="true" signature="setUp()[pri:0, instance:com.systemplus.automationTest.HomePageTest@3d6f0054]" started-at="2024-07-11T20:07:36 IST" name="setUp" finished-at="2024-07-11T20:07:37 IST" duration-ms="1297" status="PASS">
          <reporter-output>
          </reporter-output>
        </test-method> <!-- setUp -->
        <test-method signature="verifyNoOfCOmmentsAndDots()[pri:2, instance:com.systemplus.automationTest.HomePageTest@3d6f0054]" started-at="2024-07-11T20:07:37 IST" name="verifyNoOfCOmmentsAndDots" finished-at="2024-07-11T20:07:50 IST" duration-ms="12332" status="FAIL">
          <exception class="java.lang.AssertionError">
            <message>
              <![CDATA[The following asserts failed:
Comments and dots count didn't matched did not expect to find [true] but found [false]]]>
            </message>
            <full-stacktrace>
              <![CDATA[java.lang.AssertionError: The following asserts failed:
Comments and dots count didn't matched did not expect to find [true] but found [false]
at org.testng.asserts.SoftAssert.assertAll(SoftAssert.java:47)
at org.testng.asserts.SoftAssert.assertAll(SoftAssert.java:31)
at com.systemplus.automationTest.HomePageTest.verifyNoOfCOmmentsAndDots(HomePageTest.java:47)
at java.base/jdk.internal.reflect.NativeMethodAccessorImpl.invoke0(Native Method)
at java.base/jdk.internal.reflect.NativeMethodAccessorImpl.invoke(NativeMethodAccessorImpl.java:77)
at java.base/jdk.internal.reflect.DelegatingMethodAccessorImpl.invoke(DelegatingMethodAccessorImpl.java:43)
at java.base/java.lang.reflect.Method.invoke(Method.java:568)
at org.testng.internal.MethodInvocationHelper.invokeMethod(MethodInvocationHelper.java:133)
at org.testng.internal.TestInvoker.invokeMethod(TestInvoker.java:584)
at org.testng.internal.TestInvoker.invokeTestMethod(TestInvoker.java:172)
at org.testng.internal.MethodRunner.runInSequence(MethodRunner.java:46)
at org.testng.internal.TestInvoker$MethodInvocationAgent.invoke(TestInvoker.java:804)
at org.testng.internal.TestInvoker.invokeTestMethods(TestInvoker.java:145)
at org.testng.internal.TestMethodWorker.invokeTestMethods(TestMethodWorker.java:146)
at org.testng.internal.TestMethodWorker.run(TestMethodWorker.java:128)
at java.base/java.util.ArrayList.forEach(ArrayList.java:1511)
at org.testng.TestRunner.privateRun(TestRunner.java:770)
at org.testng.TestRunner.run(TestRunner.java:591)
at org.testng.SuiteRunner.runTest(SuiteRunner.java:402)
at org.testng.SuiteRunner.runSequentially(SuiteRunner.java:396)
at org.testng.SuiteRunner.privateRun(SuiteRunner.java:355)
at org.testng.SuiteRunner.run(SuiteRunner.java:304)
at org.testng.SuiteRunnerWorker.runSuite(SuiteRunnerWorker.java:53)
at org.testng.SuiteRunnerWorker.run(SuiteRunnerWorker.java:96)
at org.testng.TestNG.runSuitesSequentially(TestNG.java:1180)
at org.testng.TestNG.runSuitesLocally(TestNG.java:1102)
at org.testng.TestNG.runSuites(TestNG.java:1032)
at org.testng.TestNG.run(TestNG.java:1000)
at org.testng.remote.AbstractRemoteTestNG.run(AbstractRemoteTestNG.java:115)
at org.testng.remote.RemoteTestNG.initAndRun(RemoteTestNG.java:251)
at org.testng.remote.RemoteTestNG.main(RemoteTestNG.java:77)
]]>
            </full-stacktrace>
          </exception> <!-- java.lang.AssertionError -->
          <reporter-output>
          </reporter-output>
        </test-method> <!-- verifyNoOfCOmmentsAndDots -->
        <test-method is-config="true" signature="tearDown()[pri:0, instance:com.systemplus.automationTest.HomePageTest@3d6f0054]" started-at="2024-07-11T20:07:50 IST" name="tearDown" finished-at="2024-07-11T20:07:50 IST" duration-ms="246" status="PASS">
          <reporter-output>
          </reporter-output>
        </test-method> <!-- tearDown -->
        <test-method is-config="true" signature="setUp()[pri:0, instance:com.systemplus.automationTest.HomePageTest@3d6f0054]" started-at="2024-07-11T20:07:50 IST" name="setUp" finished-at="2024-07-11T20:07:51 IST" duration-ms="1036" status="PASS">
          <reporter-output>
          </reporter-output>
        </test-method> <!-- setUp -->
        <test-method signature="verifySearchTextandIcon()[pri:3, instance:com.systemplus.automationTest.HomePageTest@3d6f0054]" started-at="2024-07-11T20:07:51 IST" name="verifySearchTextandIcon" finished-at="2024-07-11T20:08:08 IST" duration-ms="17102" status="PASS">
          <reporter-output>
          </reporter-output>
        </test-method> <!-- verifySearchTextandIcon -->
        <test-method is-config="true" signature="tearDown()[pri:0, instance:com.systemplus.automationTest.HomePageTest@3d6f0054]" started-at="2024-07-11T20:08:08 IST" name="tearDown" finished-at="2024-07-11T20:08:08 IST" duration-ms="407" status="PASS">
          <reporter-output>
          </reporter-output>
        </test-method> <!-- tearDown -->
      </class> <!-- com.systemplus.automationTest.HomePageTest -->
    </test> <!-- Functional -->
  </suite> <!-- TestNG Suite -->
</testng-results>
